-------------------------------------------------------------------------------
Test set: testy.Zad1Test
-------------------------------------------------------------------------------
Tests run: 2, Failures: 1, Errors: 0, Skipped: 0, Time elapsed: 0.112 s <<< FAILURE! - in testy.Zad1Test
testy.Zad1Test.test2  Time elapsed: 0.017 s  <<< FAILURE!
org.opentest4j.AssertionFailedError: expected: <-3> but was: <-4>
	at testy.Zad1Test.test2(Zad1Test.java:16)

